<?xml version="1.0" encoding="UTF-8"?>
<!-- Generated by org.testng.reporters.JUnitXMLReporter -->
<testsuite hostname="NGBLR-03015" ignored="0" name="home_test" tests="5" failures="0" timestamp="2020-02-08T15:44:40 IST" time="5.306" errors="0">
  <testcase name="@BeforeMethod logintest" time="5.253" classname="hometest.home_test">
    <failure type="java.lang.NoClassDefFoundError" message="org/openqa/selenium/interactions/Coordinates">
      <![CDATA[java.lang.NoClassDefFoundError: org/openqa/selenium/interactions/Coordinates
at org.openqa.selenium.remote.internal.JsonToWebElementConverter.newRemoteWebElement(JsonToWebElementConverter.java:78)
at org.openqa.selenium.remote.internal.JsonToWebElementConverter.apply(JsonToWebElementConverter.java:55)
at org.openqa.selenium.remote.RemoteWebDriver.execute(RemoteWebDriver.java:561)
at org.openqa.selenium.remote.RemoteWebDriver.findElement(RemoteWebDriver.java:323)
at org.openqa.selenium.remote.RemoteWebDriver.findElementByXPath(RemoteWebDriver.java:428)
at org.openqa.selenium.By$ByXPath.findElement(By.java:353)
at org.openqa.selenium.remote.RemoteWebDriver.findElement(RemoteWebDriver.java:315)
at org.openqa.selenium.support.pagefactory.DefaultElementLocator.findElement(DefaultElementLocator.java:69)
at org.openqa.selenium.support.pagefactory.internal.LocatingElementHandler.invoke(LocatingElementHandler.java:38)
at com.sun.proxy.$Proxy11.sendKeys(Unknown Source)
at utils.generic_common_method.sendkeymethod(generic_common_method.java:82)
at utils.applicationspecificcommonmethod.login(applicationspecificcommonmethod.java:12)
at hometest.home_test.logintest(home_test.java:53)
at java.util.ArrayList.forEach(ArrayList.java:1257)
Caused by: java.lang.ClassNotFoundException: org.openqa.selenium.interactions.Coordinates
at java.net.URLClassLoader.findClass(URLClassLoader.java:382)
at java.lang.ClassLoader.loadClass(ClassLoader.java:424)
at sun.misc.Launcher$AppClassLoader.loadClass(Launcher.java:349)
at java.lang.ClassLoader.loadClass(ClassLoader.java:357)
... 45 more
... Removed 31 stack frames]]>
    </failure>
  </testcase> <!-- @BeforeMethod logintest -->
  <testcase name="@AfterMethod exit" time="-1.581156880539E9" classname="hometest.home_test">
    <skipped/>
  </testcase> <!-- @AfterMethod exit -->
  <testcase name="@BeforeMethod logintest" time="-1.581156880542E9" classname="hometest.home_test">
    <skipped/>
  </testcase> <!-- @BeforeMethod logintest -->
  <testcase name="@AfterMethod exit" time="-1.581156880548E9" classname="hometest.home_test">
    <skipped/>
  </testcase> <!-- @AfterMethod exit -->
  <testcase name="@BeforeMethod logintest" time="-1.581156880551E9" classname="hometest.home_test">
    <skipped/>
  </testcase> <!-- @BeforeMethod logintest -->
  <testcase name="@AfterMethod exit" time="-1.581156880557E9" classname="hometest.home_test">
    <skipped/>
  </testcase> <!-- @AfterMethod exit -->
  <testcase name="@BeforeMethod logintest" time="-1.58115688056E9" classname="hometest.home_test">
    <skipped/>
  </testcase> <!-- @BeforeMethod logintest -->
  <testcase name="@AfterMethod exit" time="-1.581156880567E9" classname="hometest.home_test">
    <skipped/>
  </testcase> <!-- @AfterMethod exit -->
  <testcase name="@BeforeMethod logintest" time="-1.581156880572E9" classname="hometest.home_test">
    <skipped/>
  </testcase> <!-- @BeforeMethod logintest -->
  <testcase name="@AfterMethod exit" time="-1.581156880579E9" classname="hometest.home_test">
    <skipped/>
  </testcase> <!-- @AfterMethod exit -->
  <testcase name="search_test" time="0.0" classname="hometest.home_test">
    <skipped/>
  </testcase> <!-- search_test -->
  <testcase name="babycare_test" time="0.0" classname="hometest.home_test">
    <skipped/>
  </testcase> <!-- babycare_test -->
  <testcase name="mobiledet_test" time="0.0" classname="hometest.home_test">
    <skipped/>
  </testcase> <!-- mobiledet_test -->
  <testcase name="trending_test" time="0.0" classname="hometest.home_test">
    <skipped/>
  </testcase> <!-- trending_test -->
  <testcase name="wishlist_test" time="0.0" classname="hometest.home_test">
    <skipped/>
  </testcase> <!-- wishlist_test -->
</testsuite> <!-- home_test -->
