<?xml version="1.0" encoding="UTF-8"?>
<!-- Generated by org.testng.reporters.JUnitXMLReporter -->
<testsuite ignored="0" hostname="NGBLR-03015" failures="0" tests="2" name="Login_Test" time="4.625" errors="0" timestamp="2020-01-14T14:52:50 IST">
  <testcase classname="loginTest.loginTest" name="validlogin_test" time="0.0">
    <skipped/>
  </testcase> <!-- validlogin_test -->
  <testcase classname="loginTest.loginTest" name="invalidlogin_test" time="0.0">
    <skipped/>
  </testcase> <!-- invalidlogin_test -->
</testsuite> <!-- Login_Test -->
