<?xml version="1.0" encoding="UTF-8"?>
<!-- Generated by org.testng.reporters.JUnitXMLReporter -->
<testsuite hostname="NGBLR-03015" name="Login_Test" tests="2" failures="0" timestamp="9 Feb 2020 06:06:56 GMT" time="5.402" errors="0">
  <testcase name="@BeforeMethod setup" time="0.0" classname="loginTest.loginTest2">
    <failure type="java.lang.NullPointerException" message="null value in entry: url=null">
      <![CDATA[java.lang.NullPointerException: null value in entry: url=null
	at com.google.common.collect.CollectPreconditions.checkEntryNotNull(CollectPreconditions.java:32)
	at com.google.common.collect.SingletonImmutableBiMap.<init>(SingletonImmutableBiMap.java:42)
	at com.google.common.collect.ImmutableBiMap.of(ImmutableBiMap.java:72)
	at com.google.common.collect.ImmutableMap.of(ImmutableMap.java:124)
	at org.openqa.selenium.remote.RemoteWebDriver.get(RemoteWebDriver.java:277)
	at utils.generic_common_method.launchChromebroswer(generic_common_method.java:33)
	at loginTest.loginTest2.setup(loginTest2.java:47)
... Removed 30 stack frames]]>
    </failure>
  </testcase> <!-- @BeforeMethod setup -->
  <testcase name="@AfterMethod teardown" time="0.0" classname="loginTest.loginTest2">
    <skipped/>
  </testcase> <!-- @AfterMethod teardown -->
  <testcase name="@BeforeMethod setup" time="0.0" classname="loginTest.loginTest2">
    <skipped/>
  </testcase> <!-- @BeforeMethod setup -->
  <testcase name="@AfterMethod teardown" time="0.0" classname="loginTest.loginTest2">
    <skipped/>
  </testcase> <!-- @AfterMethod teardown -->
  <testcase name="validlogin_test" time="0.001" classname="loginTest.loginTest2">
    <skipped/>
  </testcase> <!-- validlogin_test -->
  <testcase name="invalidlogin_test" time="0.0" classname="loginTest.loginTest2">
    <skipped/>
  </testcase> <!-- invalidlogin_test -->
</testsuite> <!-- Login_Test -->
