<?xml version="1.0" encoding="UTF-8"?>
<testng-results skipped="2" failed="0" total="2" passed="0">
  <reporter-output>
  </reporter-output>
  <suite name="Suite" duration-ms="5402" started-at="2020-02-09T06:06:51Z" finished-at="2020-02-09T06:06:56Z">
    <groups>
    </groups>
    <test name="Login_Test" duration-ms="5402" started-at="2020-02-09T06:06:51Z" finished-at="2020-02-09T06:06:56Z">
      <class name="loginTest.loginTest2">
        <test-method status="PASS" signature="initialize()[pri:0, instance:loginTest.loginTest2@279ad2e3]" name="initialize" is-config="true" duration-ms="0" started-at="2020-02-09T11:36:51Z" finished-at="2020-02-09T11:36:51Z">
          <reporter-output>
          </reporter-output>
        </test-method> <!-- initialize -->
        <test-method status="FAIL" signature="setup()[pri:0, instance:loginTest.loginTest2@279ad2e3]" name="setup" is-config="true" duration-ms="0" started-at="2020-02-09T11:36:51Z" finished-at="2020-02-09T11:36:51Z">
          <exception class="java.lang.NullPointerException">
            <message>
              <![CDATA[null value in entry: url=null]]>
            </message>
            <full-stacktrace>
              <![CDATA[java.lang.NullPointerException: null value in entry: url=null
	at com.google.common.collect.CollectPreconditions.checkEntryNotNull(CollectPreconditions.java:32)
	at com.google.common.collect.SingletonImmutableBiMap.<init>(SingletonImmutableBiMap.java:42)
	at com.google.common.collect.ImmutableBiMap.of(ImmutableBiMap.java:72)
	at com.google.common.collect.ImmutableMap.of(ImmutableMap.java:124)
	at org.openqa.selenium.remote.RemoteWebDriver.get(RemoteWebDriver.java:277)
	at utils.generic_common_method.launchChromebroswer(generic_common_method.java:33)
	at loginTest.loginTest2.setup(loginTest2.java:47)
	at sun.reflect.NativeMethodAccessorImpl.invoke0(Native Method)
	at sun.reflect.NativeMethodAccessorImpl.invoke(NativeMethodAccessorImpl.java:62)
	at sun.reflect.DelegatingMethodAccessorImpl.invoke(DelegatingMethodAccessorImpl.java:43)
	at java.lang.reflect.Method.invoke(Method.java:498)
	at org.testng.internal.MethodInvocationHelper.invokeMethod(MethodInvocationHelper.java:85)
	at org.testng.internal.Invoker.invokeConfigurationMethod(Invoker.java:510)
	at org.testng.internal.Invoker.invokeConfigurations(Invoker.java:211)
	at org.testng.internal.Invoker.invokeMethod(Invoker.java:585)
	at org.testng.internal.Invoker.invokeTestMethod(Invoker.java:816)
	at org.testng.internal.Invoker.invokeTestMethods(Invoker.java:1124)
	at org.testng.internal.TestMethodWorker.invokeTestMethods(TestMethodWorker.java:125)
	at org.testng.internal.TestMethodWorker.run(TestMethodWorker.java:108)
	at org.testng.TestRunner.privateRun(TestRunner.java:774)
	at org.testng.TestRunner.run(TestRunner.java:624)
	at org.testng.SuiteRunner.runTest(SuiteRunner.java:359)
	at org.testng.SuiteRunner.runSequentially(SuiteRunner.java:354)
	at org.testng.SuiteRunner.privateRun(SuiteRunner.java:312)
	at org.testng.SuiteRunner.run(SuiteRunner.java:261)
	at org.testng.SuiteRunnerWorker.runSuite(SuiteRunnerWorker.java:52)
	at org.testng.SuiteRunnerWorker.run(SuiteRunnerWorker.java:86)
	at org.testng.TestNG.runSuitesSequentially(TestNG.java:1191)
	at org.testng.TestNG.runSuitesLocally(TestNG.java:1116)
	at org.testng.TestNG.run(TestNG.java:1024)
	at org.apache.maven.surefire.testng.TestNGExecutor.run(TestNGExecutor.java:283)
	at org.apache.maven.surefire.testng.TestNGXmlTestSuite.execute(TestNGXmlTestSuite.java:75)
	at org.apache.maven.surefire.testng.TestNGProvider.invoke(TestNGProvider.java:120)
	at org.apache.maven.surefire.booter.ForkedBooter.runSuitesInProcess(ForkedBooter.java:377)
	at org.apache.maven.surefire.booter.ForkedBooter.execute(ForkedBooter.java:138)
	at org.apache.maven.surefire.booter.ForkedBooter.run(ForkedBooter.java:465)
	at org.apache.maven.surefire.booter.ForkedBooter.main(ForkedBooter.java:451)
]]>
            </full-stacktrace>
          </exception> <!-- java.lang.NullPointerException -->
          <reporter-output>
          </reporter-output>
        </test-method> <!-- setup -->
        <test-method status="SKIP" signature="validlogin_test()[pri:1, instance:loginTest.loginTest2@279ad2e3]" name="validlogin_test" duration-ms="1" started-at="2020-02-09T11:36:56Z" finished-at="2020-02-09T11:36:56Z">
          <reporter-output>
          </reporter-output>
        </test-method> <!-- validlogin_test -->
        <test-method status="SKIP" signature="teardown()[pri:0, instance:loginTest.loginTest2@279ad2e3]" name="teardown" is-config="true" duration-ms="0" started-at="2020-02-09T11:36:56Z" finished-at="2020-02-09T11:36:56Z">
          <reporter-output>
          </reporter-output>
        </test-method> <!-- teardown -->
        <test-method status="SKIP" signature="setup()[pri:0, instance:loginTest.loginTest2@279ad2e3]" name="setup" is-config="true" duration-ms="0" started-at="2020-02-09T11:36:56Z" finished-at="2020-02-09T11:36:56Z">
          <reporter-output>
          </reporter-output>
        </test-method> <!-- setup -->
        <test-method status="SKIP" signature="invalidlogin_test()[pri:2, instance:loginTest.loginTest2@279ad2e3]" name="invalidlogin_test" duration-ms="0" started-at="2020-02-09T11:36:56Z" finished-at="2020-02-09T11:36:56Z">
          <reporter-output>
          </reporter-output>
        </test-method> <!-- invalidlogin_test -->
        <test-method status="SKIP" signature="teardown()[pri:0, instance:loginTest.loginTest2@279ad2e3]" name="teardown" is-config="true" duration-ms="0" started-at="2020-02-09T11:36:56Z" finished-at="2020-02-09T11:36:56Z">
          <reporter-output>
          </reporter-output>
        </test-method> <!-- teardown -->
      </class> <!-- loginTest.loginTest2 -->
    </test> <!-- Login_Test -->
  </suite> <!-- Suite -->
</testng-results>
