<?xml version="1.0" encoding="UTF-8"?>
<testsuite xmlns:xsi="http://www.w3.org/2001/XMLSchema-instance" xsi:noNamespaceSchemaLocation="https://maven.apache.org/surefire/maven-surefire-plugin/xsd/surefire-test-report-3.0.xsd" version="3.0" name="TestSuite" time="6.835" tests="6" errors="0" skipped="5" failures="1">
  <properties>
[...]
</properties>
  <testcase name="setup" classname="loginTest.loginTest2" time="6.681">
    <failure message="null value in entry: url=null" type="java.lang.NullPointerException"><![CDATA[java.lang.NullPointerException: null value in entry: url=null
	at loginTest.loginTest2.setup(loginTest2.java:47)
]]></failure>
    <system-out><![CDATA[Kiran we are in loginTest2 class
Portal URl :null
]]></system-out>
    <system-err><![CDATA[Starting ChromeDriver 80.0.3987.16 (320f6526c1632ad4f205ebce69b99a062ed78647-refs/branch-heads/3987@{#185}) on port 14526
Only local connections are allowed.
Please protect ports used by ChromeDriver and related test frameworks to prevent access by malicious code.
Feb 09, 2020 11:36:54 AM org.openqa.selenium.remote.ProtocolHandshake createSession
INFO: Detected dialect: W3C
]]></system-err>
  </testcase>
  <testcase name="setup" classname="loginTest.loginTest2" time="0">
    <skipped/>
  </testcase>
  <testcase name="validlogin_test" classname="loginTest.loginTest2" time="0">
    <skipped/>
  </testcase>
  <testcase name="teardown" classname="loginTest.loginTest2" time="0">
    <skipped/>
  </testcase>
  <testcase name="teardown" classname="loginTest.loginTest2" time="0">
    <skipped/>
  </testcase>
  <testcase name="invalidlogin_test" classname="loginTest.loginTest2" time="0">
    <skipped/>
  </testcase>
</testsuite>