<?xml version="1.0" encoding="UTF-8"?>
<testng-results skipped="0" failed="0" total="1" passed="1">
  <reporter-output>
  </reporter-output>
  <suite name="Suite" duration-ms="12111" started-at="2020-02-08T12:25:36Z" finished-at="2020-02-08T12:25:48Z">
    <groups>
    </groups>
    <test name="Login_Test" duration-ms="12111" started-at="2020-02-08T12:25:36Z" finished-at="2020-02-08T12:25:48Z">
      <class name="loginTest.loginTest">
        <test-method status="PASS" signature="initialize(java.lang.String, java.lang.String, java.lang.String)[pri:0, instance:loginTest.loginTest@6295d394]" name="initialize" is-config="true" duration-ms="15" started-at="2020-02-08T17:55:36Z" finished-at="2020-02-08T17:55:36Z">
          <params>
            <param index="0">
              <value>
                <![CDATA[https://www.flipkart.com/]]>
              </value>
            </param>
            <param index="1">
              <value>
                <![CDATA[8660040638]]>
              </value>
            </param>
            <param index="2">
              <value>
                <![CDATA[ashwini12345]]>
              </value>
            </param>
          </params>
          <reporter-output>
          </reporter-output>
        </test-method> <!-- initialize -->
        <test-method status="PASS" signature="setup()[pri:0, instance:loginTest.loginTest@6295d394]" name="setup" is-config="true" duration-ms="6350" started-at="2020-02-08T17:55:36Z" finished-at="2020-02-08T17:55:42Z">
          <reporter-output>
          </reporter-output>
        </test-method> <!-- setup -->
        <test-method status="PASS" signature="validlogin_test()[pri:1, instance:loginTest.loginTest@6295d394]" name="validlogin_test" duration-ms="5011" started-at="2020-02-08T17:55:42Z" finished-at="2020-02-08T17:55:47Z">
          <reporter-output>
          </reporter-output>
        </test-method> <!-- validlogin_test -->
        <test-method status="PASS" signature="teardown()[pri:0, instance:loginTest.loginTest@6295d394]" name="teardown" is-config="true" duration-ms="715" started-at="2020-02-08T17:55:47Z" finished-at="2020-02-08T17:55:48Z">
          <reporter-output>
          </reporter-output>
        </test-method> <!-- teardown -->
      </class> <!-- loginTest.loginTest -->
    </test> <!-- Login_Test -->
  </suite> <!-- Suite -->
</testng-results>
